# JRE version: Java(TM) SE Runtime Environment (17.0.7+8) (build 17.0.7+8-LTS-224)
# Java VM: Java HotSpot(TM) 64-Bit Server VM (17.0.7+8-LTS-224, mixed mode, emulated-client, sharing, tiered, compressed oops, compressed class ptrs, g1 gc, windows-amd64)
GC Precious Log:
 CPUs: 4 total, 4 available
 Memory: 32595M
 Large Page Support: Disabled
 NUMA Support: Disabled
 Compressed Oops: Enabled (Zero based)
 Heap Region Size: 4M
 Heap Min Capacity: 8M
 Heap Initial Capacity: 512M
 Heap Max Capacity: 8152M
 Pre-touch: Disabled
 Parallel Workers: 4
 Concurrent Workers: 1
 Concurrent Refinement Workers: 4
 Periodic GC: Disabled
Heap:
 garbage-first heap   total 405504K, used 252362K [0x0000000602800000, 0x0000000800000000)
  region size 4096K, 4 young (16384K), 3 survivors (12288K)
 Metaspace       used 95872K, committed 96320K, reserved 1138688K
  class space    used 13746K, committed 13952K, reserved 1048576K
GC Heap History (20 events):
Event: 27960.757 GC heap before
{Heap before GC invocations=75 (full 0):
 garbage-first heap   total 344064K, used 270693K [0x0000000602800000, 0x0000000800000000)
  region size 4096K, 19 young (77824K), 1 survivors (4096K)
 Metaspace       used 95828K, committed 96320K, reserved 1138688K
  class space    used 13736K, committed 13952K, reserved 1048576K
}
Event: 27960.760 GC heap after
{Heap after GC invocations=76 (full 0):
 garbage-first heap   total 344064K, used 204266K [0x0000000602800000, 0x0000000800000000)
  region size 4096K, 3 young (12288K), 3 survivors (12288K)
 Metaspace       used 95828K, committed 96320K, reserved 1138688K
  class space    used 13736K, committed 13952K, reserved 1048576K
}
Event: 28023.044 GC heap before
{Heap before GC invocations=76 (full 0):
 garbage-first heap   total 344064K, used 208362K [0x0000000602800000, 0x0000000800000000)
  region size 4096K, 4 young (16384K), 3 survivors (12288K)
 Metaspace       used 95828K, committed 96320K, reserved 1138688K
  class space    used 13736K, committed 13952K, reserved 1048576K
}
Event: 28023.050 GC heap after
{Heap after GC invocations=77 (full 0):
 garbage-first heap   total 344064K, used 204506K [0x0000000602800000, 0x0000000800000000)
  region size 4096K, 1 young (4096K), 1 survivors (4096K)
 Metaspace       used 95828K, committed 96320K, reserved 1138688K
  class space    used 13736K, committed 13952K, reserved 1048576K
}
Event: 30257.644 GC heap before
{Heap before GC invocations=77 (full 0):
 garbage-first heap   total 344064K, used 282330K [0x0000000602800000, 0x0000000800000000)
  region size 4096K, 20 young (81920K), 1 survivors (4096K)
 Metaspace       used 95828K, committed 96320K, reserved 1138688K
  class space    used 13736K, committed 13952K, reserved 1048576K
}
Event: 30257.650 GC heap after
{Heap after GC invocations=78 (full 0):
 garbage-first heap   total 344064K, used 207680K [0x0000000602800000, 0x0000000800000000)
  region size 4096K, 2 young (8192K), 2 survivors (8192K)
 Metaspace       used 95828K, committed 96320K, reserved 1138688K
  class space    used 13736K, committed 13952K, reserved 1048576K
}
Event: 30673.662 GC heap before
{Heap before GC invocations=79 (full 0):
 garbage-first heap   total 364544K, used 281408K [0x0000000602800000, 0x0000000800000000)
  region size 4096K, 20 young (81920K), 2 survivors (8192K)
 Metaspace       used 95855K, committed 96320K, reserved 1138688K
  class space    used 13740K, committed 13952K, reserved 1048576K
}
Event: 30673.678 GC heap after
{Heap after GC invocations=80 (full 0):
 garbage-first heap   total 364544K, used 214528K [0x0000000602800000, 0x0000000800000000)
  region size 4096K, 3 young (12288K), 3 survivors (12288K)
 Metaspace       used 95855K, committed 96320K, reserved 1138688K
  class space    used 13740K, committed 13952K, reserved 1048576K
}
Event: 30675.589 GC heap before
{Heap before GC invocations=80 (full 0):
 garbage-first heap   total 364544K, used 218624K [0x0000000602800000, 0x0000000800000000)
  region size 4096K, 4 young (16384K), 3 survivors (12288K)
 Metaspace       used 95855K, committed 96320K, reserved 1138688K
  class space    used 13740K, committed 13952K, reserved 1048576K
}
Event: 30675.593 GC heap after
{Heap after GC invocations=81 (full 0):
 garbage-first heap   total 364544K, used 215141K [0x0000000602800000, 0x0000000800000000)
  region size 4096K, 1 young (4096K), 1 survivors (4096K)
 Metaspace       used 95855K, committed 96320K, reserved 1138688K
  class space    used 13740K, committed 13952K, reserved 1048576K
}
Event: 32899.750 GC heap before
{Heap before GC invocations=81 (full 0):
 garbage-first heap   total 364544K, used 301157K [0x0000000602800000, 0x0000000800000000)
  region size 4096K, 22 young (90112K), 1 survivors (4096K)
 Metaspace       used 95880K, committed 96384K, reserved 1138688K
  class space    used 13747K, committed 13952K, reserved 1048576K
}
Event: 32899.753 GC heap after
{Heap after GC invocations=82 (full 0):
 garbage-first heap   total 364544K, used 218338K [0x0000000602800000, 0x0000000800000000)
  region size 4096K, 2 young (8192K), 2 survivors (8192K)
 Metaspace       used 95880K, committed 96384K, reserved 1138688K
  class space    used 13747K, committed 13952K, reserved 1048576K
}
Event: 34106.449 GC heap before
{Heap before GC invocations=83 (full 0):
 garbage-first heap   total 385024K, used 296162K [0x0000000602800000, 0x0000000800000000)
  region size 4096K, 21 young (86016K), 2 survivors (8192K)
 Metaspace       used 95874K, committed 96384K, reserved 1138688K
  class space    used 13746K, committed 13952K, reserved 1048576K
}
Event: 34106.456 GC heap after
{Heap after GC invocations=84 (full 0):
 garbage-first heap   total 385024K, used 223995K [0x0000000602800000, 0x0000000800000000)
  region size 4096K, 3 young (12288K), 3 survivors (12288K)
 Metaspace       used 95874K, committed 96384K, reserved 1138688K
  class space    used 13746K, committed 13952K, reserved 1048576K
}
Event: 34532.036 GC heap before
{Heap before GC invocations=84 (full 0):
 garbage-first heap   total 385024K, used 318203K [0x0000000602800000, 0x0000000800000000)
  region size 4096K, 26 young (106496K), 3 survivors (12288K)
 Metaspace       used 95875K, committed 96384K, reserved 1138688K
  class space    used 13747K, committed 13952K, reserved 1048576K
}
Event: 34532.043 GC heap after
{Heap after GC invocations=85 (full 0):
 garbage-first heap   total 385024K, used 233214K [0x0000000602800000, 0x0000000800000000)
  region size 4096K, 4 young (16384K), 4 survivors (16384K)
 Metaspace       used 95875K, committed 96384K, reserved 1138688K
  class space    used 13747K, committed 13952K, reserved 1048576K
}
Event: 34870.299 GC heap before
{Heap before GC invocations=86 (full 0):
 garbage-first heap   total 405504K, used 315134K [0x0000000602800000, 0x0000000800000000)
  region size 4096K, 25 young (102400K), 4 survivors (16384K)
 Metaspace       used 95882K, committed 96384K, reserved 1138688K
  class space    used 13748K, committed 13952K, reserved 1048576K
}
Event: 34870.307 GC heap after
{Heap after GC invocations=87 (full 0):
 garbage-first heap   total 405504K, used 241935K [0x0000000602800000, 0x0000000800000000)
  region size 4096K, 3 young (12288K), 3 survivors (12288K)
 Metaspace       used 95882K, committed 96384K, reserved 1138688K
  class space    used 13748K, committed 13952K, reserved 1048576K
}
Event: 35298.151 GC heap before
{Heap before GC invocations=87 (full 0):
 garbage-first heap   total 405504K, used 336143K [0x0000000602800000, 0x0000000800000000)
  region size 4096K, 26 young (106496K), 3 survivors (12288K)
 Metaspace       used 95882K, committed 96384K, reserved 1138688K
  class space    used 13748K, committed 13952K, reserved 1048576K
}
Event: 35298.156 GC heap after
{Heap after GC invocations=88 (full 0):
 garbage-first heap   total 405504K, used 252362K [0x0000000602800000, 0x0000000800000000)
  region size 4096K, 3 young (12288K), 3 survivors (12288K)
 Metaspace       used 95882K, committed 96384K, reserved 1138688K
  class space    used 13748K, committed 13952K, reserved 1048576K
}

